<?xml version="1.0" encoding="UTF-8"?>
<testng-results ignored="0" total="1" passed="1" failed="0" skipped="0">
  <reporter-output>
  </reporter-output>
  <suite started-at="2021-05-18T17:24:28 EDT" name="Default suite" finished-at="2021-05-18T17:24:32 EDT" duration-ms="4127">
    <groups>
    </groups>
    <test started-at="2021-05-18T17:24:28 EDT" name="Default test" finished-at="2021-05-18T17:24:32 EDT" duration-ms="4127">
      <class name="Tests.TopTeamsList">
        <test-method signature="topTenTeams()[pri:0, instance:Tests.TopTeamsList@53976f5c]" started-at="2021-05-18T17:24:28 EDT" name="topTenTeams" finished-at="2021-05-18T17:24:32 EDT" duration-ms="4077" status="PASS">
          <reporter-output>
          </reporter-output>
        </test-method> <!-- topTenTeams -->
      </class> <!-- Tests.TopTeamsList -->
    </test> <!-- Default test -->
  </suite> <!-- Default suite -->
</testng-results>
